[debug] [2025-07-08T13:13:21.099Z] ----------------------------------------------------------------------
[debug] [2025-07-08T13:13:21.104Z] Command:       C:\Program Files\nodejs\node.exe C:\Users\raghu\AppData\Roaming\npm\node_modules\firebase-tools\lib\bin\firebase.js init
[debug] [2025-07-08T13:13:21.105Z] CLI Version:   14.9.0
[debug] [2025-07-08T13:13:21.105Z] Platform:      win32
[debug] [2025-07-08T13:13:21.105Z] Node Version:  v22.17.0
[debug] [2025-07-08T13:13:21.106Z] Time:          Tue Jul 08 2025 18:43:21 GMT+0530 (India Standard Time)
[debug] [2025-07-08T13:13:21.106Z] ----------------------------------------------------------------------
[debug] 
[debug] [2025-07-08T13:13:21.398Z] > command requires scopes: ["email","openid","https://www.googleapis.com/auth/cloudplatformprojects.readonly","https://www.googleapis.com/auth/firebase","https://www.googleapis.com/auth/cloud-platform"]
[debug] [2025-07-08T13:13:21.399Z] > authorizing via signed-in user (raghultbm@gmail.com)
[info] 
     ######## #### ########  ######## ########     ###     ######  ########
     ##        ##  ##     ## ##       ##     ##  ##   ##  ##       ##
     ######    ##  ########  ######   ########  #########  ######  ######
     ##        ##  ##    ##  ##       ##     ## ##     ##       ## ##
     ##       #### ##     ## ######## ########  ##     ##  ######  ########

You're about to initialize a Firebase project in this directory:

  E:\Work\ZedsonApp\zedson-watchcraft

Before we get started, keep in mind:

  * You are initializing within an existing Firebase project directory

